*** Starting uWSGI 2.0.19.1 (64bit) on [Sat Apr 24 07:48:45 2021] ***
compiled with version: 8.3.0 on 24 April 2021 07:44:48
os: Linux-5.8.0-50-generic #56~20.04.1-Ubuntu SMP Mon Apr 12 21:46:35 UTC 2021
nodename: 0dcff7491315
machine: x86_64
clock source: unix
pcre jit disabled
detected number of CPU cores: 4
current working directory: /var/www/html/icompose
writing pidfile to /tmp/icompose-master.pid
detected binary path: /usr/local/bin/uwsgi
chdir() to /var/www/html/icompose
your memory page size is 4096 bytes
 *** WARNING: you have enabled harakiri without post buffering. Slow upload could be rejected on post-unbuffered webservers *** 
detected max file descriptor number: 1048576
lock engine: pthread robust mutexes
thunder lock: disabled (you can enable it with --thunder-lock)
uwsgi socket 0 bound to TCP address 0.0.0.0:8000 fd 3
setgid() to 33
setuid() to 33
Python version: 3.9.4 (default, Apr 10 2021, 15:31:19)  [GCC 8.3.0]
*** Python threads support is disabled. You can enable it with --enable-threads ***
Python main interpreter initialized at 0x5633e48f9eb0
your server socket listen backlog is limited to 100 connections
your mercy for graceful operations on workers is 60 seconds
mapped 403077 bytes (393 KB) for 2 cores
*** Operational MODE: preforking ***
WSGI app 0 (mountpoint='') ready in 0 seconds on interpreter 0x5633e48f9eb0 pid: 30 (default app)
*** uWSGI is running in multiple interpreter mode ***
spawned uWSGI master process (pid: 30)
spawned uWSGI worker 1 (pid: 32, cores: 1)
spawned uWSGI worker 2 (pid: 33, cores: 1)
*** Starting uWSGI 2.0.19.1 (64bit) on [Sat Apr 24 07:51:29 2021] ***
compiled with version: 8.3.0 on 24 April 2021 07:44:48
os: Linux-5.8.0-50-generic #56~20.04.1-Ubuntu SMP Mon Apr 12 21:46:35 UTC 2021
nodename: 0dcff7491315
machine: x86_64
clock source: unix
pcre jit disabled
detected number of CPU cores: 4
current working directory: /var/www/html/icompose
writing pidfile to /tmp/icompose-master.pid
detected binary path: /usr/local/bin/uwsgi
chdir() to /var/www/html/icompose
your memory page size is 4096 bytes
 *** WARNING: you have enabled harakiri without post buffering. Slow upload could be rejected on post-unbuffered webservers *** 
detected max file descriptor number: 1048576
lock engine: pthread robust mutexes
thunder lock: disabled (you can enable it with --thunder-lock)
uwsgi socket 0 bound to TCP address 0.0.0.0:8000 fd 3
setgid() to 33
setuid() to 33
Python version: 3.9.4 (default, Apr 10 2021, 15:31:19)  [GCC 8.3.0]
*** Python threads support is disabled. You can enable it with --enable-threads ***
Python main interpreter initialized at 0x5612664b7eb0
your server socket listen backlog is limited to 100 connections
your mercy for graceful operations on workers is 60 seconds
mapped 403077 bytes (393 KB) for 2 cores
*** Operational MODE: preforking ***
WSGI app 0 (mountpoint='') ready in 1 seconds on interpreter 0x5612664b7eb0 pid: 14 (default app)
*** uWSGI is running in multiple interpreter mode ***
spawned uWSGI master process (pid: 14)
spawned uWSGI worker 1 (pid: 16, cores: 1)
spawned uWSGI worker 2 (pid: 17, cores: 1)
{address space usage: 93306880 bytes/88MB} {rss usage: 36843520 bytes/35MB} [pid: 16|app: 0|req: 1/1] 172.20.0.1 () {44 vars in 703 bytes} [Sat Apr 24 07:51:54 2021] GET / => generated 10697 bytes in 32 msecs (HTTP/1.1 200) 5 headers in 153 bytes (1 switches on core 0)
